d:\projects\boulevards graphic renderer\pc visual studio\vulkanrenderer\x64\debug\vulkanrenderer.pdb
d:\projects\boulevards graphic renderer\pc visual studio\vulkanrenderer\x64\debug\vulkanrenderer.idb
d:\projects\boulevards graphic renderer\pc visual studio\vulkanrenderer\x64\debug\vulkantexture.obj
d:\projects\boulevards graphic renderer\pc visual studio\vulkanrenderer\x64\debug\vulkanrenderer.obj
d:\projects\boulevards graphic renderer\pc visual studio\vulkanrenderer\x64\debug\vulkanmodel.obj
d:\projects\boulevards graphic renderer\pc visual studio\vulkanrenderer\x64\debug\vulkanhelper.obj
d:\projects\boulevards graphic renderer\pc visual studio\vulkanrenderer\x64\debug\vulkandevice.obj
d:\projects\boulevards graphic renderer\pc visual studio\vulkanrenderer\x64\debug\camera.obj
d:\projects\boulevards graphic renderer\pc visual studio\vulkanrenderer\x64\debug\vulkanbuffer.obj
d:\projects\boulevards graphic renderer\pc visual studio\vulkanrenderer\x64\debug\swapchain.obj
d:\projects\boulevards graphic renderer\pc visual studio\vulkanrenderer\x64\debug\resourceloader.obj
d:\projects\boulevards graphic renderer\pc visual studio\vulkanrenderer\x64\debug\gui.obj
d:\projects\boulevards graphic renderer\pc visual studio\vulkanrenderer\x64\debug\quaternions.obj
d:\projects\boulevards graphic renderer\pc visual studio\vulkanrenderer\x64\debug\imgui_widgets.obj
d:\projects\boulevards graphic renderer\pc visual studio\vulkanrenderer\x64\debug\imgui_draw.obj
d:\projects\boulevards graphic renderer\pc visual studio\vulkanrenderer\x64\debug\imgui_demo.obj
d:\projects\boulevards graphic renderer\pc visual studio\vulkanrenderer\x64\debug\imgui.obj
d:\projects\boulevards graphic renderer\library\vulkanrenderer.lib
c:\users\user\desktop\projects\vulkan\boulevards graphic renderer\pc visual studio\vulkanrenderer\x64\debug\camera.obj
c:\users\user\desktop\projects\vulkan\boulevards graphic renderer\pc visual studio\vulkanrenderer\x64\debug\gui.obj
c:\users\user\desktop\projects\vulkan\boulevards graphic renderer\pc visual studio\vulkanrenderer\x64\debug\imgui.obj
c:\users\user\desktop\projects\vulkan\boulevards graphic renderer\pc visual studio\vulkanrenderer\x64\debug\imgui_demo.obj
c:\users\user\desktop\projects\vulkan\boulevards graphic renderer\pc visual studio\vulkanrenderer\x64\debug\imgui_draw.obj
c:\users\user\desktop\projects\vulkan\boulevards graphic renderer\pc visual studio\vulkanrenderer\x64\debug\imgui_widgets.obj
c:\users\user\desktop\projects\vulkan\boulevards graphic renderer\pc visual studio\vulkanrenderer\x64\debug\quaternions.obj
c:\users\user\desktop\projects\vulkan\boulevards graphic renderer\pc visual studio\vulkanrenderer\x64\debug\resourceloader.obj
c:\users\user\desktop\projects\vulkan\boulevards graphic renderer\pc visual studio\vulkanrenderer\x64\debug\swapchain.obj
c:\users\user\desktop\projects\vulkan\boulevards graphic renderer\pc visual studio\vulkanrenderer\x64\debug\vulkanbuffer.obj
c:\users\user\desktop\projects\vulkan\boulevards graphic renderer\pc visual studio\vulkanrenderer\x64\debug\vulkandevice.obj
c:\users\user\desktop\projects\vulkan\boulevards graphic renderer\pc visual studio\vulkanrenderer\x64\debug\vulkanhelper.obj
c:\users\user\desktop\projects\vulkan\boulevards graphic renderer\pc visual studio\vulkanrenderer\x64\debug\vulkanmodel.obj
c:\users\user\desktop\projects\vulkan\boulevards graphic renderer\pc visual studio\vulkanrenderer\x64\debug\vulkanrenderer.obj
c:\users\user\desktop\projects\vulkan\boulevards graphic renderer\pc visual studio\vulkanrenderer\x64\debug\vulkantexture.obj
c:\users\user\desktop\projects\vulkan\boulevards graphic renderer\pc visual studio\vulkanrenderer\x64\debug\vulkanrenderer.idb
c:\users\user\desktop\projects\vulkan\boulevards graphic renderer\pc visual studio\vulkanrenderer\x64\debug\vulkanrenderer.pdb
c:\users\user\desktop\projects\vulkan\boulevards graphic renderer\pc visual studio\vulkanrenderer\x64\debug\vulkanrenderer.tlog\cl.command.1.tlog
c:\users\user\desktop\projects\vulkan\boulevards graphic renderer\pc visual studio\vulkanrenderer\x64\debug\vulkanrenderer.tlog\cl.read.1.tlog
c:\users\user\desktop\projects\vulkan\boulevards graphic renderer\pc visual studio\vulkanrenderer\x64\debug\vulkanrenderer.tlog\cl.write.1.tlog
c:\users\user\desktop\projects\vulkan\boulevards graphic renderer\pc visual studio\vulkanrenderer\x64\debug\vulkanrenderer.tlog\lib-link.read.1.tlog
c:\users\user\desktop\projects\vulkan\boulevards graphic renderer\pc visual studio\vulkanrenderer\x64\debug\vulkanrenderer.tlog\lib-link.write.1.tlog
c:\users\user\desktop\projects\vulkan\boulevards graphic renderer\pc visual studio\vulkanrenderer\x64\debug\vulkanrenderer.tlog\lib.command.1.tlog
